Determining if the pthread_create exist failed with the following output:
Change Dir: /mnt/c/Users/Taoufik/CLionProjects/robot/cmake-build-debug/CMakeFiles/CMakeTmp

Run Build Command:"/usr/bin/make" "cmTC_9f00e/fast"
/usr/bin/make -f CMakeFiles/cmTC_9f00e.dir/build.make CMakeFiles/cmTC_9f00e.dir/build
make[1]: Entering directory '/mnt/c/Users/Taoufik/CLionProjects/robot/cmake-build-debug/CMakeFiles/CMakeTmp'
Building C object CMakeFiles/cmTC_9f00e.dir/CheckSymbolExists.c.o
/usr/bin/cc    -o CMakeFiles/cmTC_9f00e.dir/CheckSymbolExists.c.o   -c /mnt/c/Users/Taoufik/CLionProjects/robot/cmake-build-debug/CMakeFiles/CMakeTmp/CheckSymbolExists.c
Linking C executable cmTC_9f00e
/usr/bin/cmake -E cmake_link_script CMakeFiles/cmTC_9f00e.dir/link.txt --verbose=1
/usr/bin/cc      CMakeFiles/cmTC_9f00e.dir/CheckSymbolExists.c.o  -o cmTC_9f00e 
CMakeFiles/cmTC_9f00e.dir/CheckSymbolExists.c.o: In function `main':
CheckSymbolExists.c:(.text+0x1b): undefined reference to `pthread_create'
collect2: error: ld returned 1 exit status
CMakeFiles/cmTC_9f00e.dir/build.make:97: recipe for target 'cmTC_9f00e' failed
make[1]: *** [cmTC_9f00e] Error 1
make[1]: Leaving directory '/mnt/c/Users/Taoufik/CLionProjects/robot/cmake-build-debug/CMakeFiles/CMakeTmp'
Makefile:126: recipe for target 'cmTC_9f00e/fast' failed
make: *** [cmTC_9f00e/fast] Error 2

File /mnt/c/Users/Taoufik/CLionProjects/robot/cmake-build-debug/CMakeFiles/CMakeTmp/CheckSymbolExists.c:
/* */
#include <pthread.h>

int main(int argc, char** argv)
{
  (void)argv;
#ifndef pthread_create
  return ((int*)(&pthread_create))[argc];
#else
  (void)argc;
  return 0;
#endif
}

Determining if the function pthread_create exists in the pthreads failed with the following output:
Change Dir: /mnt/c/Users/Taoufik/CLionProjects/robot/cmake-build-debug/CMakeFiles/CMakeTmp

Run Build Command:"/usr/bin/make" "cmTC_93e8a/fast"
/usr/bin/make -f CMakeFiles/cmTC_93e8a.dir/build.make CMakeFiles/cmTC_93e8a.dir/build
make[1]: Entering directory '/mnt/c/Users/Taoufik/CLionProjects/robot/cmake-build-debug/CMakeFiles/CMakeTmp'
Building C object CMakeFiles/cmTC_93e8a.dir/CheckFunctionExists.c.o
/usr/bin/cc   -DCHECK_FUNCTION_EXISTS=pthread_create   -o CMakeFiles/cmTC_93e8a.dir/CheckFunctionExists.c.o   -c /usr/share/cmake-3.10/Modules/CheckFunctionExists.c
Linking C executable cmTC_93e8a
/usr/bin/cmake -E cmake_link_script CMakeFiles/cmTC_93e8a.dir/link.txt --verbose=1
/usr/bin/cc  -DCHECK_FUNCTION_EXISTS=pthread_create    CMakeFiles/cmTC_93e8a.dir/CheckFunctionExists.c.o  -o cmTC_93e8a -lpthreads 
/usr/bin/ld: cannot find -lpthreads
collect2: error: ld returned 1 exit status
CMakeFiles/cmTC_93e8a.dir/build.make:97: recipe for target 'cmTC_93e8a' failed
make[1]: *** [cmTC_93e8a] Error 1
make[1]: Leaving directory '/mnt/c/Users/Taoufik/CLionProjects/robot/cmake-build-debug/CMakeFiles/CMakeTmp'
Makefile:126: recipe for target 'cmTC_93e8a/fast' failed
make: *** [cmTC_93e8a/fast] Error 2


